c:\in_development\product software\826\826-501a\debug\atmel.bsc
c:\in_development\product software\826\826-501a\debug\front_menu.sbr
c:\in_development\product software\826\826-501a\debug\eeprom.sbr
c:\in_development\product software\826\826-501a\debug\eeprom.obj
c:\in_development\product software\826\826-501a\debug\main.sbr
c:\in_development\product software\826\826-501a\debug\pc_supp.sbr
c:\in_development\product software\826\826-501a\debug\main.obj
c:\in_development\product software\826\826-501a\debug\front_menu.obj
c:\in_development\product software\826\826-501a\debug\pc_supp.obj
c:\in_development\product software\826\826-501a\debug\vc143.pdb
c:\in_development\product software\826\826-501a\debug\atmel.exe
c:\in_development\product software\826\826-501a\debug\atmel.pdb
c:\in_development\product software\826\826-501a\debug\front_board.res
c:\in_development\product software\826\826-501a\debug\atmel.ilk
c:\in_development\product software\826\826-501a\debug\front_menu.obj.enc
c:\in_development\product software\826\826-501a\debug\main.new.obj.enc
c:\in_development\product software\826\826-501a\debug\pc_supp.obj.enc
c:\in_development\product software\826\826-501a\debug\vc143.idb
c:\in_development\product software\826\826-501a\debug\atmel.tlog\bscmake.command.1.tlog
c:\in_development\product software\826\826-501a\debug\atmel.tlog\bscmake.read.1.tlog
c:\in_development\product software\826\826-501a\debug\atmel.tlog\bscmake.write.1.tlog
c:\in_development\product software\826\826-501a\debug\atmel.tlog\cl.command.1.tlog
c:\in_development\product software\826\826-501a\debug\atmel.tlog\cl.items.tlog
c:\in_development\product software\826\826-501a\debug\atmel.tlog\cl.read.1.tlog
c:\in_development\product software\826\826-501a\debug\atmel.tlog\cl.write.1.tlog
c:\in_development\product software\826\826-501a\debug\atmel.tlog\link.command.1.tlog
c:\in_development\product software\826\826-501a\debug\atmel.tlog\link.read.1.tlog
c:\in_development\product software\826\826-501a\debug\atmel.tlog\link.secondary.1.tlog
c:\in_development\product software\826\826-501a\debug\atmel.tlog\link.write.1.tlog
c:\in_development\product software\826\826-501a\debug\atmel.tlog\rc.command.1.tlog
c:\in_development\product software\826\826-501a\debug\atmel.tlog\rc.read.1.tlog
c:\in_development\product software\826\826-501a\debug\atmel.tlog\rc.write.1.tlog
